<?xml version="1.0" encoding="UTF-8"?>
<testsuite xmlns:xsi="http://www.w3.org/2001/XMLSchema-instance" xsi:noNamespaceSchemaLocation="https://maven.apache.org/surefire/maven-surefire-plugin/xsd/surefire-test-report-3.0.xsd" version="3.0" name="hr.fer.progi.looneycodes.BytePit.BytePitApplicationTests" time="6.626" tests="1" errors="0" skipped="0" failures="0">
  <properties>
[...]
</properties>
  <testcase name="contextLoads" classname="hr.fer.progi.looneycodes.BytePit.BytePitApplicationTests" time="0.5">
    <system-out><![CDATA[17:08:28.953 [main] INFO org.springframework.test.context.support.AnnotationConfigContextLoaderUtils -- Could not detect default configuration classes for test class [hr.fer.progi.looneycodes.BytePit.BytePitApplicationTests]: BytePitApplicationTests does not declare any static, non-private, non-final, nested classes annotated with @Configuration.
17:08:29.042 [main] INFO org.springframework.boot.test.context.SpringBootTestContextBootstrapper -- Found @SpringBootConfiguration hr.fer.progi.looneycodes.BytePit.BytePitApplication for test class hr.fer.progi.looneycodes.BytePit.BytePitApplicationTests
17:08:29.190 [main] INFO org.springframework.boot.devtools.restart.RestartApplicationListener -- Restart disabled due to context in which it is running

  .   ____          _            __ _ _
 /\\ / ___'_ __ _ _(_)_ __  __ _ \ \ \ \
( ( )\___ | '_ | '_| | '_ \/ _` | \ \ \ \
 \\/  ___)| |_)| | | | | || (_| |  ) ) ) )
  '  |____| .__|_| |_|_| |_\__, | / / / /
 =========|_|==============|___/=/_/_/_/
 :: Spring Boot ::                (v3.1.5)

2023-11-11T17:08:29.437+01:00  INFO 14938 --- [           main] h.f.p.l.BytePit.BytePitApplicationTests  : Starting BytePitApplicationTests using Java 17.0.9 with PID 14938 (started by jakov in /home/jakov/faks/progi/Looney-Codes/IzvorniKod)
2023-11-11T17:08:29.438+01:00  INFO 14938 --- [           main] h.f.p.l.BytePit.BytePitApplicationTests  : The following 1 profile is active: "basic-security"
2023-11-11T17:08:30.134+01:00  INFO 14938 --- [           main] .s.d.r.c.RepositoryConfigurationDelegate : Bootstrapping Spring Data JPA repositories in DEFAULT mode.
2023-11-11T17:08:30.194+01:00  INFO 14938 --- [           main] .s.d.r.c.RepositoryConfigurationDelegate : Finished Spring Data repository scanning in 52 ms. Found 3 JPA repository interfaces.
2023-11-11T17:08:30.653+01:00  INFO 14938 --- [           main] o.hibernate.jpa.internal.util.LogHelper  : HHH000204: Processing PersistenceUnitInfo [name: default]
2023-11-11T17:08:30.692+01:00  INFO 14938 --- [           main] org.hibernate.Version                    : HHH000412: Hibernate ORM core version 6.2.13.Final
2023-11-11T17:08:30.693+01:00  INFO 14938 --- [           main] org.hibernate.cfg.Environment            : HHH000406: Using bytecode reflection optimizer
2023-11-11T17:08:30.894+01:00  INFO 14938 --- [           main] o.s.o.j.p.SpringPersistenceUnitInfo      : No LoadTimeWeaver setup: ignoring JPA class transformer
2023-11-11T17:08:30.915+01:00  INFO 14938 --- [           main] com.zaxxer.hikari.HikariDataSource       : HikariPool-1 - Starting...
2023-11-11T17:08:31.017+01:00  INFO 14938 --- [           main] com.zaxxer.hikari.pool.HikariPool        : HikariPool-1 - Added connection org.postgresql.jdbc.PgConnection@738a815c
2023-11-11T17:08:31.019+01:00  INFO 14938 --- [           main] com.zaxxer.hikari.HikariDataSource       : HikariPool-1 - Start completed.
2023-11-11T17:08:31.044+01:00  WARN 14938 --- [           main] org.hibernate.orm.deprecation            : HHH90000025: PostgreSQLDialect does not need to be specified explicitly using 'hibernate.dialect' (remove the property setting and it will be selected by default)
2023-11-11T17:08:31.312+01:00  WARN 14938 --- [           main] org.hibernate.mapping.RootClass          : HHH000038: Composite-id class does not override equals(): hr.fer.progi.looneycodes.BytePit.api.model.Rjesenje
2023-11-11T17:08:31.312+01:00  WARN 14938 --- [           main] org.hibernate.mapping.RootClass          : HHH000039: Composite-id class does not override hashCode(): hr.fer.progi.looneycodes.BytePit.api.model.Rjesenje
2023-11-11T17:08:31.843+01:00  INFO 14938 --- [           main] o.h.e.t.j.p.i.JtaPlatformInitiator       : HHH000489: No JTA platform available (set 'hibernate.transaction.jta.platform' to enable JTA platform integration)
2023-11-11T17:08:31.858+01:00  WARN 14938 --- [           main] o.h.engine.jdbc.spi.SqlExceptionHelper   : SQL Warning Code: 0, SQLState: 00000
2023-11-11T17:08:31.858+01:00  WARN 14938 --- [           main] o.h.engine.jdbc.spi.SqlExceptionHelper   : relation "natjecanje" does not exist, skipping
2023-11-11T17:08:31.859+01:00  WARN 14938 --- [           main] o.h.engine.jdbc.spi.SqlExceptionHelper   : SQL Warning Code: 0, SQLState: 00000
2023-11-11T17:08:31.859+01:00  WARN 14938 --- [           main] o.h.engine.jdbc.spi.SqlExceptionHelper   : relation "pehar" does not exist, skipping
2023-11-11T17:08:31.860+01:00  WARN 14938 --- [           main] o.h.engine.jdbc.spi.SqlExceptionHelper   : SQL Warning Code: 0, SQLState: 00000
2023-11-11T17:08:31.860+01:00  WARN 14938 --- [           main] o.h.engine.jdbc.spi.SqlExceptionHelper   : relation "pehar" does not exist, skipping
2023-11-11T17:08:31.860+01:00  WARN 14938 --- [           main] o.h.engine.jdbc.spi.SqlExceptionHelper   : SQL Warning Code: 0, SQLState: 00000
2023-11-11T17:08:31.861+01:00  WARN 14938 --- [           main] o.h.engine.jdbc.spi.SqlExceptionHelper   : relation "rjesenje" does not exist, skipping
2023-11-11T17:08:31.861+01:00  WARN 14938 --- [           main] o.h.engine.jdbc.spi.SqlExceptionHelper   : SQL Warning Code: 0, SQLState: 00000
2023-11-11T17:08:31.861+01:00  WARN 14938 --- [           main] o.h.engine.jdbc.spi.SqlExceptionHelper   : relation "rjesenje" does not exist, skipping
2023-11-11T17:08:31.862+01:00  WARN 14938 --- [           main] o.h.engine.jdbc.spi.SqlExceptionHelper   : SQL Warning Code: 0, SQLState: 00000
2023-11-11T17:08:31.862+01:00  WARN 14938 --- [           main] o.h.engine.jdbc.spi.SqlExceptionHelper   : relation "testni_primjer" does not exist, skipping
2023-11-11T17:08:31.862+01:00  WARN 14938 --- [           main] o.h.engine.jdbc.spi.SqlExceptionHelper   : SQL Warning Code: 0, SQLState: 00000
2023-11-11T17:08:31.863+01:00  WARN 14938 --- [           main] o.h.engine.jdbc.spi.SqlExceptionHelper   : relation "virtualno_natjecanje" does not exist, skipping
2023-11-11T17:08:31.863+01:00  WARN 14938 --- [           main] o.h.engine.jdbc.spi.SqlExceptionHelper   : SQL Warning Code: 0, SQLState: 00000
2023-11-11T17:08:31.863+01:00  WARN 14938 --- [           main] o.h.engine.jdbc.spi.SqlExceptionHelper   : relation "virtualno_natjecanje" does not exist, skipping
2023-11-11T17:08:31.864+01:00  WARN 14938 --- [           main] o.h.engine.jdbc.spi.SqlExceptionHelper   : SQL Warning Code: 0, SQLState: 00000
2023-11-11T17:08:31.864+01:00  WARN 14938 --- [           main] o.h.engine.jdbc.spi.SqlExceptionHelper   : relation "zadatak" does not exist, skipping
2023-11-11T17:08:31.864+01:00  WARN 14938 --- [           main] o.h.engine.jdbc.spi.SqlExceptionHelper   : SQL Warning Code: 0, SQLState: 00000
2023-11-11T17:08:31.864+01:00  WARN 14938 --- [           main] o.h.engine.jdbc.spi.SqlExceptionHelper   : relation "zadatak" does not exist, skipping
2023-11-11T17:08:31.865+01:00  WARN 14938 --- [           main] o.h.engine.jdbc.spi.SqlExceptionHelper   : SQL Warning Code: 0, SQLState: 00000
2023-11-11T17:08:31.865+01:00  WARN 14938 --- [           main] o.h.engine.jdbc.spi.SqlExceptionHelper   : table "korisnik" does not exist, skipping
2023-11-11T17:08:31.865+01:00  WARN 14938 --- [           main] o.h.engine.jdbc.spi.SqlExceptionHelper   : SQL Warning Code: 0, SQLState: 00000
2023-11-11T17:08:31.865+01:00  WARN 14938 --- [           main] o.h.engine.jdbc.spi.SqlExceptionHelper   : table "natjecanje" does not exist, skipping
2023-11-11T17:08:31.866+01:00  WARN 14938 --- [           main] o.h.engine.jdbc.spi.SqlExceptionHelper   : SQL Warning Code: 0, SQLState: 00000
2023-11-11T17:08:31.866+01:00  WARN 14938 --- [           main] o.h.engine.jdbc.spi.SqlExceptionHelper   : table "pehar" does not exist, skipping
2023-11-11T17:08:31.866+01:00  WARN 14938 --- [           main] o.h.engine.jdbc.spi.SqlExceptionHelper   : SQL Warning Code: 0, SQLState: 00000
2023-11-11T17:08:31.866+01:00  WARN 14938 --- [           main] o.h.engine.jdbc.spi.SqlExceptionHelper   : table "rjesenje" does not exist, skipping
2023-11-11T17:08:31.866+01:00  WARN 14938 --- [           main] o.h.engine.jdbc.spi.SqlExceptionHelper   : SQL Warning Code: 0, SQLState: 00000
2023-11-11T17:08:31.866+01:00  WARN 14938 --- [           main] o.h.engine.jdbc.spi.SqlExceptionHelper   : table "testni_primjer" does not exist, skipping
2023-11-11T17:08:31.867+01:00  WARN 14938 --- [           main] o.h.engine.jdbc.spi.SqlExceptionHelper   : SQL Warning Code: 0, SQLState: 00000
2023-11-11T17:08:31.867+01:00  WARN 14938 --- [           main] o.h.engine.jdbc.spi.SqlExceptionHelper   : table "virtualno_natjecanje" does not exist, skipping
2023-11-11T17:08:31.867+01:00  WARN 14938 --- [           main] o.h.engine.jdbc.spi.SqlExceptionHelper   : SQL Warning Code: 0, SQLState: 00000
2023-11-11T17:08:31.867+01:00  WARN 14938 --- [           main] o.h.engine.jdbc.spi.SqlExceptionHelper   : table "zadatak" does not exist, skipping
2023-11-11T17:08:31.868+01:00  WARN 14938 --- [           main] o.h.engine.jdbc.spi.SqlExceptionHelper   : SQL Warning Code: 0, SQLState: 00000
2023-11-11T17:08:31.868+01:00  WARN 14938 --- [           main] o.h.engine.jdbc.spi.SqlExceptionHelper   : sequence "korisnik_seq" does not exist, skipping
2023-11-11T17:08:31.868+01:00  WARN 14938 --- [           main] o.h.engine.jdbc.spi.SqlExceptionHelper   : SQL Warning Code: 0, SQLState: 00000
2023-11-11T17:08:31.868+01:00  WARN 14938 --- [           main] o.h.engine.jdbc.spi.SqlExceptionHelper   : sequence "natjecanje_seq" does not exist, skipping
2023-11-11T17:08:31.869+01:00  WARN 14938 --- [           main] o.h.engine.jdbc.spi.SqlExceptionHelper   : SQL Warning Code: 0, SQLState: 00000
2023-11-11T17:08:31.869+01:00  WARN 14938 --- [           main] o.h.engine.jdbc.spi.SqlExceptionHelper   : sequence "pehar_seq" does not exist, skipping
2023-11-11T17:08:31.869+01:00  WARN 14938 --- [           main] o.h.engine.jdbc.spi.SqlExceptionHelper   : SQL Warning Code: 0, SQLState: 00000
2023-11-11T17:08:31.869+01:00  WARN 14938 --- [           main] o.h.engine.jdbc.spi.SqlExceptionHelper   : sequence "virtualno_natjecanje_seq" does not exist, skipping
2023-11-11T17:08:31.870+01:00  WARN 14938 --- [           main] o.h.engine.jdbc.spi.SqlExceptionHelper   : SQL Warning Code: 0, SQLState: 00000
2023-11-11T17:08:31.870+01:00  WARN 14938 --- [           main] o.h.engine.jdbc.spi.SqlExceptionHelper   : sequence "zadatak_seq" does not exist, skipping
2023-11-11T17:08:33.646+01:00  INFO 14938 --- [           main] j.LocalContainerEntityManagerFactoryBean : Initialized JPA EntityManagerFactory for persistence unit 'default'
2023-11-11T17:08:33.931+01:00  INFO 14938 --- [           main] o.s.d.j.r.query.QueryEnhancerFactory     : Hibernate is in classpath; If applicable, HQL parser will be used.
2023-11-11T17:08:34.336+01:00  WARN 14938 --- [           main] JpaBaseConfiguration$JpaWebConfiguration : spring.jpa.open-in-view is enabled by default. Therefore, database queries may be performed during view rendering. Explicitly configure spring.jpa.open-in-view to disable this warning
2023-11-11T17:08:34.459+01:00  INFO 14938 --- [           main] o.s.s.web.DefaultSecurityFilterChain     : Will secure any request with [org.springframework.security.web.session.DisableEncodeUrlFilter@55e75ce0, org.springframework.security.web.context.request.async.WebAsyncManagerIntegrationFilter@3325f17, org.springframework.security.web.context.SecurityContextHolderFilter@5f7dbdfa, org.springframework.security.web.header.HeaderWriterFilter@324ee3ca, org.springframework.security.web.authentication.logout.LogoutFilter@21632bf8, org.springframework.security.web.authentication.UsernamePasswordAuthenticationFilter@14acc33e, org.springframework.security.web.authentication.ui.DefaultLoginPageGeneratingFilter@533a8540, org.springframework.security.web.authentication.ui.DefaultLogoutPageGeneratingFilter@35e63d26, org.springframework.security.web.authentication.www.BasicAuthenticationFilter@5a919251, org.springframework.security.web.savedrequest.RequestCacheAwareFilter@157e0f6b, org.springframework.security.web.servletapi.SecurityContextHolderAwareRequestFilter@22781286, org.springframework.security.web.authentication.AnonymousAuthenticationFilter@5d51203b, org.springframework.security.web.access.ExceptionTranslationFilter@1252d480, org.springframework.security.web.access.intercept.AuthorizationFilter@42af2977]
2023-11-11T17:08:34.926+01:00  INFO 14938 --- [           main] h.f.p.l.BytePit.BytePitApplicationTests  : Started BytePitApplicationTests in 5.75 seconds (process running for 6.533)
]]></system-out>
  </testcase>
</testsuite>